Arguments: 
  /usr/local/bin/node /usr/local/Cellar/yarn/1.22.10/libexec/bin/yarn.js init

PATH: 
  /Users/bknutson/Downloads/google-cloud-sdk/bin:/usr/local/bin:/usr/bin:/bin:/usr/sbin:/sbin:/usr/local/share/dotnet:~/.dotnet/tools:/Library/Apple/usr/bin:/Library/Frameworks/Mono.framework/Versions/Current/Commands:/Users/bknutson/Downloads/google-cloud-sdk/bin:/Users/bknutson/.npm-packages/bin/:/usr/local/mysql/bin:/Users/bknutson/.npm-packages/bin/:/usr/local/mysql/bin

Yarn version: 
  1.22.10

Node version: 
  14.17.0

Platform: 
  darwin x64

Trace: 
  Error: canceled
      at Interface.<anonymous> (/usr/local/Cellar/yarn/1.22.10/libexec/lib/cli.js:137009:13)
      at Interface.emit (events.js:376:20)
      at Interface._ttyWrite (readline.js:880:16)
      at ReadStream.onkeypress (readline.js:213:10)
      at ReadStream.emit (events.js:376:20)
      at emitKeys (internal/readline/utils.js:345:14)
      at emitKeys.next (<anonymous>)
      at ReadStream.onData (readline.js:1149:36)
      at ReadStream.emit (events.js:376:20)
      at addChunk (internal/streams/readable.js:309:12)

npm manifest: 
  {
    "name": "10-OOP-Team-Profile-Generator",
    "version": "1.0.0",
    "main": "index.js",
    "license": "MIT",
    "type": "module"
  }

yarn manifest: 
  No manifest

Lockfile: 
  No lockfile
